app/proguard-rules.txt
# Add project specific ProGuard rules here.
# By default, the flags in this file are appended to flags specified
# in /Applications/Android Studio.app/sdk/tools/proguard/proguard-android.txt
# You can edit the include path and order by changing the ProGuard
# include property in project.properties.
#
# For more details, see
#   http://developer.android.com/guide/developing/tools/proguard.html

# Add any project specific keep options here:

# If your project uses WebView with JS, uncomment the following
# and specify the fully qualified class name to the JavaScript interface
# class:
#-keepclassmembers class fqcn.of.javascript.interface.for.webview {
#   public *;
#}

-dontwarn org.apache.http.**
-keep class org.apache.http.**
-keep class org.json.**
-keep interface org.apache.http.**


-keep class com.google.gson.** { *; }
-keep class com.google.inject.* { *; }
-keep class org.apache.http.* { *; }
-keep class org.apache.http.** { *; }
-keep class org.apache.james.mime4j.* { *; }
-keep class javax.inject.* { *; }



-keep class com.example.testobfuscation.** { *; }
-keepattributes Signature
-keep class sun.misc.Unsafe { *; }


#################### prettytime #######################
-keep class org.ocpsoft.prettytime.i18n.**


#################### okhttp #######################
-dontwarn okio.**
-dontwarn com.squareup.okhttp.**


#################### retrofit #######################
-dontwarn retrofit.**
-dontwarn rx.**
#-dontwarn rx.*
-keepattributes *Annotation*
-keep class retrofit.** { *; }
#-keep class retrofit.* { ; }
-keepclasseswithmembers class * {
    @retrofit.http.* <methods>;
}




#################### butterknife #######################

-dontwarn butterknife.internal.**
-keep class **$$ViewInjector { *; }
-keepnames class * { @butterknife.InjectView *;}


#################### EventBus ##########################

-keepclassmembers class ** {
    public void onEvent*(**);
}