app/build/outputs/proguard/badge/release/mapping.txt
com.triaged.badge.app.App -> com.triaged.badge.app.App:
    com.triaged.badge.net.DataProviderService$LocalBinding dataProviderServiceBinding -> a
    android.content.ServiceConnection dataProviderServiceConnnection -> b
    com.triaged.badge.helpers.Foreground appForeground -> c
    com.triaged.badge.helpers.Foreground$Listener foregroundListener -> d
    com.triaged.logger.ILogger gLogger -> e
    android.content.Context mContext -> f
    retrofit.RestAdapter restAdapter -> g
    void onCreate() -> onCreate
    void setupDataProviderServicebinding() -> b
    void initForeground() -> c
    void setupRestAdapter() -> d
    void setupULI() -> e
    android.content.Context context() -> a
    void onEvent(com.triaged.badge.events.LogedinSuccessfully) -> onEvent
com.triaged.badge.app.App$1 -> com.triaged.badge.app.App$1:
    com.triaged.badge.app.App this$0 -> a
    void onServiceConnected(android.content.ComponentName,android.os.IBinder) -> onServiceConnected
    void onServiceDisconnected(android.content.ComponentName) -> onServiceDisconnected
com.triaged.badge.app.App$2 -> com.triaged.badge.app.App$2:
    com.triaged.badge.app.App this$0 -> a
    void onBecameForeground() -> a
    void onBecameBackground() -> b
com.triaged.badge.app.App$3 -> com.triaged.badge.app.App$3:
    int val$userId -> a
    java.lang.String val$authorization -> b
    com.triaged.badge.app.App this$0 -> c
    void intercept(retrofit.RequestInterceptor$RequestFacade) -> intercept
com.triaged.badge.app.R -> com.triaged.badge.app.R:
com.triaged.badge.app.R$styleable -> com.triaged.badge.app.R$styleable:
    int[] AdsAttrs -> AdsAttrs
    int AdsAttrs_adSize -> AdsAttrs_adSize
    int AdsAttrs_adSizes -> AdsAttrs_adSizes
    int AdsAttrs_adUnitId -> AdsAttrs_adUnitId
    int[] FlowLayout -> FlowLayout
    int FlowLayout_android_gravity -> FlowLayout_android_gravity
    int[] FlowLayout_Layout -> FlowLayout_Layout
    int FlowLayout_Layout_android_layout_gravity -> FlowLayout_Layout_android_layout_gravity
    int[] MapAttrs -> MapAttrs
    int MapAttrs_cameraBearing -> MapAttrs_cameraBearing
    int MapAttrs_cameraTargetLat -> MapAttrs_cameraTargetLat
    int MapAttrs_cameraTargetLng -> MapAttrs_cameraTargetLng
    int MapAttrs_cameraTilt -> MapAttrs_cameraTilt
    int MapAttrs_cameraZoom -> MapAttrs_cameraZoom
    int MapAttrs_mapType -> MapAttrs_mapType
    int MapAttrs_uiCompass -> MapAttrs_uiCompass
    int MapAttrs_uiRotateGestures -> MapAttrs_uiRotateGestures
    int MapAttrs_uiScrollGestures -> MapAttrs_uiScrollGestures
    int MapAttrs_uiTiltGestures -> MapAttrs_uiTiltGestures
    int MapAttrs_uiZoomControls -> MapAttrs_uiZoomControls
    int MapAttrs_uiZoomGestures -> MapAttrs_uiZoomGestures
    int MapAttrs_useViewLifecycle -> MapAttrs_useViewLifecycle
    int MapAttrs_zOrderOnTop -> MapAttrs_zOrderOnTop
    int[] ProfileContactInfoView -> ProfileContactInfoView
    int ProfileContactInfoView_primaryValue -> ProfileContactInfoView_primaryValue
...
com.triaged.badge.ui.home.MessagesFragments$$ViewInjector$1 -> com.triaged.badge.ui.home.MessagesFragments$$ViewInjector$1:
    com.triaged.badge.ui.home.MessagesFragments val$target -> a
    void onItemClick(android.widget.AdapterView,android.view.View,int,long) -> onItemClick
com.triaged.badge.ui.home.MessagesFragments$$ViewInjector$2 -> com.triaged.badge.ui.home.MessagesFragments$$ViewInjector$2:
    com.triaged.badge.ui.home.MessagesFragments val$target -> a
    void onClick(android.view.View) -> onClick
com.triaged.badge.ui.home.MessagesIndexActivity -> com.triaged.badge.ui.home.MessagesIndexActivity:
    android.widget.ListView messagesList -> a
    com.triaged.badge.ui.home.adapters.MessagesListAdapter adapter -> i
    android.content.BroadcastReceiver refreshReceiver -> j
    android.widget.ImageView noMessagesImage -> k
    android.widget.TextView noMessagesTitle -> l
    android.widget.TextView noMessagesInfo -> m
    void onCreate(android.os.Bundle) -> onCreate
    void toggleUI() -> a
    void onDatabaseReady() -> b
    void onResume() -> onResume
    void onDestroy() -> onDestroy
    void onTabSelected(android.app.ActionBar$Tab,android.app.FragmentTransaction) -> onTabSelected
    void onTabUnselected(android.app.ActionBar$Tab,android.app.FragmentTransaction) -> onTabUnselected
    void onTabReselected(android.app.ActionBar$Tab,android.app.FragmentTransaction) -> onTabReselected
    void notifyNewMessage(android.content.Intent) -> a
    com.triaged.badge.net.DataProviderService$LocalBinding access$000(com.triaged.badge.ui.home.MessagesIndexActivity) -> a
com.triaged.badge.ui.home.MessagesIndexActivity$1 -> com.triaged.badge.ui.home.MessagesIndexActivity$1:
    com.triaged.badge.ui.home.MessagesIndexActivity this$0 -> a
    void onItemClick(android.widget.AdapterView,android.view.View,int,long) -> onItemClick
com.triaged.badge.ui.home.MessagesIndexActivity$2 -> com.triaged.badge.ui.home.MessagesIndexActivity$2:
    com.triaged.badge.ui.home.MessagesIndexActivity this$0 -> a
    void onReceive(android.content.Context,android.content.Intent) -> onReceive
com.triaged.badge.ui.home.MessagesIndexActivity$3 -> com.triaged.badge.ui.home.MessagesIndexActivity$3:
    com.triaged.badge.ui.home.MessagesIndexActivity this$0 -> a
    void onClick(android.view.View) -> onClick
com.triaged.badge.ui.home.ProfileFragment -> com.triaged.badge.ui.home.ProfileFragment:
    int mContactId -> w
    com.triaged.badge.models.Contact contact -> b
    android.widget.TextView profileName -> c
    android.widget.TextView profileTitle -> d
    android.widget.ImageView profileImage -> e
    android.widget.TextView missingProfileImage -> f
    com.triaged.badge.ui.base.views.ButtonWithFont departmentView -> g
    com.triaged.badge.ui.base.views.ProfileContactInfoView emailView -> h
    com.triaged.badge.ui.base.views.ProfileContactInfoView officePhoneView -> i
    com.triaged.badge.ui.base.views.ProfileContactInfoView cellPhoneView -> j
    com.triaged.badge.ui.base.views.ProfileContactInfoView websiteView -> k
    com.triaged.badge.ui.base.views.ProfileContactInfoView linkedinView -> l
    com.triaged.badge.ui.base.views.ProfileContactInfoView birthDateView -> m
    com.triaged.badge.ui.base.views.ProfileContactInfoView primaryOfficeView -> n
    com.triaged.badge.ui.base.views.ProfileContactInfoView startDateView -> o
    com.triaged.badge.ui.base.views.ProfileCurrentLocationView currentLocationView -> p
    com.triaged.badge.ui.base.views.ProfileReportsToView bossView -> q
    android.widget.TextView managesHeader -> r
    android.widget.TextView bossHeader -> s
    android.widget.TextView departmentHeader -> t
    android.widget.TextView availabilityHeader -> u
    android.widget.LinearLayout viewHolder -> v
    int numberManagedByPrevious -> x